# JRE version: Java(TM) SE Runtime Environment (8.0_231-b11) (build 1.8.0_231-b11)
# Java VM: Java HotSpot(TM) 64-Bit Server VM (25.231-b11 mixed mode windows-amd64 compressed oops)
Heap:
 PSYoungGen      total 39424K, used 28255K [0x00000000d6000000, 0x00000000d9280000, 0x0000000100000000)
  eden space 28160K, 92% used [0x00000000d6000000,0x00000000d7952508,0x00000000d7b80000)
  from space 11264K, 20% used [0x00000000d8780000,0x00000000d89c5710,0x00000000d9280000)
  to   space 11776K, 0% used [0x00000000d7b80000,0x00000000d7b80000,0x00000000d8700000)
 ParOldGen       total 43008K, used 16859K [0x0000000082000000, 0x0000000084a00000, 0x00000000d6000000)
  object space 43008K, 39% used [0x0000000082000000,0x0000000083076c88,0x0000000084a00000)
 Metaspace       used 38884K, capacity 40846K, committed 41088K, reserved 1085440K
  class space    used 5069K, capacity 5417K, committed 5504K, reserved 1048576K
GC Heap History (10 events):
Event: 24.587 GC heap before
{Heap before GC invocations=10 (full 1):
 PSYoungGen      total 39936K, used 39680K [0x00000000d6000000, 0x00000000d9300000, 0x0000000100000000)
  eden space 30208K, 100% used [0x00000000d6000000,0x00000000d7d80000,0x00000000d7d80000)
  from space 9728K, 97% used [0x00000000d8800000,0x00000000d91400c8,0x00000000d9180000)
  to   space 10752K, 0% used [0x00000000d7d80000,0x00000000d7d80000,0x00000000d8800000)
 ParOldGen       total 43008K, used 5834K [0x0000000082000000, 0x0000000084a00000, 0x00000000d6000000)
  object space 43008K, 13% used [0x0000000082000000,0x00000000825b28d0,0x0000000084a00000)
 Metaspace       used 32947K, capacity 34346K, committed 34560K, reserved 1079296K
  class space    used 4244K, capacity 4517K, committed 4608K, reserved 1048576K
Event: 24.594 GC heap after
Heap after GC invocations=10 (full 1):
 PSYoungGen      total 40448K, used 8737K [0x00000000d6000000, 0x00000000d9300000, 0x0000000100000000)
  eden space 29696K, 0% used [0x00000000d6000000,0x00000000d6000000,0x00000000d7d00000)
  from space 10752K, 81% used [0x00000000d7d80000,0x00000000d8608648,0x00000000d8800000)
  to   space 11264K, 0% used [0x00000000d8800000,0x00000000d8800000,0x00000000d9300000)
 ParOldGen       total 43008K, used 9742K [0x0000000082000000, 0x0000000084a00000, 0x00000000d6000000)
  object space 43008K, 22% used [0x0000000082000000,0x0000000082983920,0x0000000084a00000)
 Metaspace       used 32947K, capacity 34346K, committed 34560K, reserved 1079296K
  class space    used 4244K, capacity 4517K, committed 4608K, reserved 1048576K
}
Event: 25.307 GC heap before
{Heap before GC invocations=11 (full 1):
 PSYoungGen      total 40448K, used 34773K [0x00000000d6000000, 0x00000000d9300000, 0x0000000100000000)
  eden space 29696K, 87% used [0x00000000d6000000,0x00000000d796d170,0x00000000d7d00000)
  from space 10752K, 81% used [0x00000000d7d80000,0x00000000d8608648,0x00000000d8800000)
  to   space 11264K, 0% used [0x00000000d8800000,0x00000000d8800000,0x00000000d9300000)
 ParOldGen       total 43008K, used 9742K [0x0000000082000000, 0x0000000084a00000, 0x00000000d6000000)
  object space 43008K, 22% used [0x0000000082000000,0x0000000082983920,0x0000000084a00000)
 Metaspace       used 33883K, capacity 35308K, committed 35456K, reserved 1079296K
  class space    used 4356K, capacity 4636K, committed 4736K, reserved 1048576K
Event: 25.312 GC heap after
Heap after GC invocations=11 (full 1):
 PSYoungGen      total 39936K, used 3276K [0x00000000d6000000, 0x00000000d9280000, 0x0000000100000000)
  eden space 29184K, 0% used [0x00000000d6000000,0x00000000d6000000,0x00000000d7c80000)
  from space 10752K, 30% used [0x00000000d8800000,0x00000000d8b33110,0x00000000d9280000)
  to   space 11264K, 0% used [0x00000000d7c80000,0x00000000d7c80000,0x00000000d8780000)
 ParOldGen       total 43008K, used 14225K [0x0000000082000000, 0x0000000084a00000, 0x00000000d6000000)
  object space 43008K, 33% used [0x0000000082000000,0x0000000082de46e8,0x0000000084a00000)
 Metaspace       used 33883K, capacity 35308K, committed 35456K, reserved 1079296K
  class space    used 4356K, capacity 4636K, committed 4736K, reserved 1048576K
}
Event: 25.312 GC heap before
{Heap before GC invocations=12 (full 2):
 PSYoungGen      total 39936K, used 3276K [0x00000000d6000000, 0x00000000d9280000, 0x0000000100000000)
  eden space 29184K, 0% used [0x00000000d6000000,0x00000000d6000000,0x00000000d7c80000)
  from space 10752K, 30% used [0x00000000d8800000,0x00000000d8b33110,0x00000000d9280000)
  to   space 11264K, 0% used [0x00000000d7c80000,0x00000000d7c80000,0x00000000d8780000)
 ParOldGen       total 43008K, used 14225K [0x0000000082000000, 0x0000000084a00000, 0x00000000d6000000)
  object space 43008K, 33% used [0x0000000082000000,0x0000000082de46e8,0x0000000084a00000)
 Metaspace       used 33883K, capacity 35308K, committed 35456K, reserved 1079296K
  class space    used 4356K, capacity 4636K, committed 4736K, reserved 1048576K
Event: 25.386 GC heap after
Heap after GC invocations=12 (full 2):
 PSYoungGen      total 39936K, used 0K [0x00000000d6000000, 0x00000000d9280000, 0x0000000100000000)
  eden space 29184K, 0% used [0x00000000d6000000,0x00000000d6000000,0x00000000d7c80000)
  from space 10752K, 0% used [0x00000000d8800000,0x00000000d8800000,0x00000000d9280000)
  to   space 11264K, 0% used [0x00000000d7c80000,0x00000000d7c80000,0x00000000d8780000)
 ParOldGen       total 43008K, used 15555K [0x0000000082000000, 0x0000000084a00000, 0x00000000d6000000)
  object space 43008K, 36% used [0x0000000082000000,0x0000000082f30c88,0x0000000084a00000)
 Metaspace       used 33883K, capacity 35308K, committed 35456K, reserved 1079296K
  class space    used 4356K, capacity 4636K, committed 4736K, reserved 1048576K
}
Event: 26.107 GC heap before
{Heap before GC invocations=13 (full 2):
 PSYoungGen      total 39936K, used 29184K [0x00000000d6000000, 0x00000000d9280000, 0x0000000100000000)
  eden space 29184K, 100% used [0x00000000d6000000,0x00000000d7c80000,0x00000000d7c80000)
  from space 10752K, 0% used [0x00000000d8800000,0x00000000d8800000,0x00000000d9280000)
  to   space 11264K, 0% used [0x00000000d7c80000,0x00000000d7c80000,0x00000000d8780000)
 ParOldGen       total 43008K, used 15555K [0x0000000082000000, 0x0000000084a00000, 0x00000000d6000000)
  object space 43008K, 36% used [0x0000000082000000,0x0000000082f30c88,0x0000000084a00000)
 Metaspace       used 35652K, capacity 37294K, committed 37504K, reserved 1081344K
  class space    used 4631K, capacity 4943K, committed 4992K, reserved 1048576K
Event: 26.111 GC heap after
Heap after GC invocations=13 (full 2):
 PSYoungGen      total 39936K, used 2593K [0x00000000d6000000, 0x00000000d9300000, 0x0000000100000000)
  eden space 28672K, 0% used [0x00000000d6000000,0x00000000d6000000,0x00000000d7c00000)
  from space 11264K, 23% used [0x00000000d7c80000,0x00000000d7f08618,0x00000000d8780000)
  to   space 11776K, 0% used [0x00000000d8780000,0x00000000d8780000,0x00000000d9300000)
 ParOldGen       total 43008K, used 15563K [0x0000000082000000, 0x0000000084a00000, 0x00000000d6000000)
  object space 43008K, 36% used [0x0000000082000000,0x0000000082f32c88,0x0000000084a00000)
 Metaspace       used 35652K, capacity 37294K, committed 37504K, reserved 1081344K
  class space    used 4631K, capacity 4943K, committed 4992K, reserved 1048576K
}
Event: 27.307 GC heap before
{Heap before GC invocations=14 (full 2):
 PSYoungGen      total 39936K, used 31265K [0x00000000d6000000, 0x00000000d9300000, 0x0000000100000000)
  eden space 28672K, 100% used [0x00000000d6000000,0x00000000d7c00000,0x00000000d7c00000)
  from space 11264K, 23% used [0x00000000d7c80000,0x00000000d7f08618,0x00000000d8780000)
  to   space 11776K, 0% used [0x00000000d8780000,0x00000000d8780000,0x00000000d9300000)
 ParOldGen       total 43008K, used 15563K [0x0000000082000000, 0x0000000084a00000, 0x00000000d6000000)
  object space 43008K, 36% used [0x0000000082000000,0x0000000082f32c88,0x0000000084a00000)
 Metaspace       used 37329K, capacity 39072K, committed 39296K, reserved 1083392K
  class space    used 4861K, capacity 5198K, committed 5248K, reserved 1048576K
Event: 27.311 GC heap after
Heap after GC invocations=14 (full 2):
 PSYoungGen      total 39424K, used 2325K [0x00000000d6000000, 0x00000000d9280000, 0x0000000100000000)
  eden space 28160K, 0% used [0x00000000d6000000,0x00000000d6000000,0x00000000d7b80000)
  from space 11264K, 20% used [0x00000000d8780000,0x00000000d89c5710,0x00000000d9280000)
  to   space 11776K, 0% used [0x00000000d7b80000,0x00000000d7b80000,0x00000000d8700000)
 ParOldGen       total 43008K, used 16859K [0x0000000082000000, 0x0000000084a00000, 0x00000000d6000000)
  object space 43008K, 39% used [0x0000000082000000,0x0000000083076c88,0x0000000084a00000)
 Metaspace       used 37329K, capacity 39072K, committed 39296K, reserved 1083392K
  class space    used 4861K, capacity 5198K, committed 5248K, reserved 1048576K
}

