# JRE version: Java(TM) SE Runtime Environment (8.0_231-b11) (build 1.8.0_231-b11)
# Java VM: Java HotSpot(TM) 64-Bit Server VM (25.231-b11 mixed mode windows-amd64 compressed oops)
Heap:
 PSYoungGen      total 228864K, used 49586K [0x00000000d6000000, 0x00000000e4b80000, 0x0000000100000000)
  eden space 216576K, 18% used [0x00000000d6000000,0x00000000d8614bd8,0x00000000e3380000)
  from space 12288K, 86% used [0x00000000e3380000,0x00000000e3dd7d08,0x00000000e3f80000)
  to   space 9216K, 0% used [0x00000000e4280000,0x00000000e4280000,0x00000000e4b80000)
 ParOldGen       total 53760K, used 20977K [0x0000000082000000, 0x0000000085480000, 0x00000000d6000000)
  object space 53760K, 39% used [0x0000000082000000,0x000000008347c688,0x0000000085480000)
 Metaspace       used 48586K, capacity 50584K, committed 50816K, reserved 1093632K
  class space    used 6355K, capacity 6712K, committed 6784K, reserved 1048576K
GC Heap History (10 events):
Event: 4.602 GC heap before
{Heap before GC invocations=9 (full 1):
 PSYoungGen      total 137728K, used 135972K [0x00000000d6000000, 0x00000000e0e00000, 0x0000000100000000)
  eden space 129536K, 100% used [0x00000000d6000000,0x00000000dde80000,0x00000000dde80000)
  from space 8192K, 78% used [0x00000000dde80000,0x00000000de4c9140,0x00000000de680000)
  to   space 8192K, 0% used [0x00000000e0600000,0x00000000e0600000,0x00000000e0e00000)
 ParOldGen       total 53760K, used 5788K [0x0000000082000000, 0x0000000085480000, 0x00000000d6000000)
  object space 53760K, 10% used [0x0000000082000000,0x00000000825a7160,0x0000000085480000)
 Metaspace       used 33301K, capacity 34564K, committed 34944K, reserved 1079296K
  class space    used 4384K, capacity 4638K, committed 4736K, reserved 1048576K
Event: 4.619 GC heap after
Heap after GC invocations=9 (full 1):
 PSYoungGen      total 165376K, used 8177K [0x00000000d6000000, 0x00000000e3c00000, 0x0000000100000000)
  eden space 157184K, 0% used [0x00000000d6000000,0x00000000d6000000,0x00000000df980000)
  from space 8192K, 99% used [0x00000000e0600000,0x00000000e0dfc740,0x00000000e0e00000)
  to   space 12800K, 0% used [0x00000000df980000,0x00000000df980000,0x00000000e0600000)
 ParOldGen       total 53760K, used 14600K [0x0000000082000000, 0x0000000085480000, 0x00000000d6000000)
  object space 53760K, 27% used [0x0000000082000000,0x0000000082e42190,0x0000000085480000)
 Metaspace       used 33301K, capacity 34564K, committed 34944K, reserved 1079296K
  class space    used 4384K, capacity 4638K, committed 4736K, reserved 1048576K
}
Event: 4.753 GC heap before
{Heap before GC invocations=10 (full 1):
 PSYoungGen      total 165376K, used 24577K [0x00000000d6000000, 0x00000000e3c00000, 0x0000000100000000)
  eden space 157184K, 10% used [0x00000000d6000000,0x00000000d7003df8,0x00000000df980000)
  from space 8192K, 99% used [0x00000000e0600000,0x00000000e0dfc740,0x00000000e0e00000)
  to   space 12800K, 0% used [0x00000000df980000,0x00000000df980000,0x00000000e0600000)
 ParOldGen       total 53760K, used 14600K [0x0000000082000000, 0x0000000085480000, 0x00000000d6000000)
  object space 53760K, 27% used [0x0000000082000000,0x0000000082e42190,0x0000000085480000)
 Metaspace       used 34115K, capacity 35370K, committed 35456K, reserved 1079296K
  class space    used 4459K, capacity 4735K, committed 4736K, reserved 1048576K
Event: 4.763 GC heap after
Heap after GC invocations=10 (full 1):
 PSYoungGen      total 169984K, used 6730K [0x00000000d6000000, 0x00000000e4e80000, 0x0000000100000000)
  eden space 157184K, 0% used [0x00000000d6000000,0x00000000d6000000,0x00000000df980000)
  from space 12800K, 52% used [0x00000000df980000,0x00000000e0012878,0x00000000e0600000)
  to   space 12288K, 0% used [0x00000000e4280000,0x00000000e4280000,0x00000000e4e80000)
 ParOldGen       total 53760K, used 16920K [0x0000000082000000, 0x0000000085480000, 0x00000000d6000000)
  object space 53760K, 31% used [0x0000000082000000,0x0000000083086150,0x0000000085480000)
 Metaspace       used 34115K, capacity 35370K, committed 35456K, reserved 1079296K
  class space    used 4459K, capacity 4735K, committed 4736K, reserved 1048576K
}
Event: 4.763 GC heap before
{Heap before GC invocations=11 (full 2):
 PSYoungGen      total 169984K, used 6730K [0x00000000d6000000, 0x00000000e4e80000, 0x0000000100000000)
  eden space 157184K, 0% used [0x00000000d6000000,0x00000000d6000000,0x00000000df980000)
  from space 12800K, 52% used [0x00000000df980000,0x00000000e0012878,0x00000000e0600000)
  to   space 12288K, 0% used [0x00000000e4280000,0x00000000e4280000,0x00000000e4e80000)
 ParOldGen       total 53760K, used 16920K [0x0000000082000000, 0x0000000085480000, 0x00000000d6000000)
  object space 53760K, 31% used [0x0000000082000000,0x0000000083086150,0x0000000085480000)
 Metaspace       used 34115K, capacity 35370K, committed 35456K, reserved 1079296K
  class space    used 4459K, capacity 4735K, committed 4736K, reserved 1048576K
Event: 4.805 GC heap after
Heap after GC invocations=11 (full 2):
 PSYoungGen      total 169984K, used 0K [0x00000000d6000000, 0x00000000e4e80000, 0x0000000100000000)
  eden space 157184K, 0% used [0x00000000d6000000,0x00000000d6000000,0x00000000df980000)
  from space 12800K, 0% used [0x00000000df980000,0x00000000df980000,0x00000000e0600000)
  to   space 12288K, 0% used [0x00000000e4280000,0x00000000e4280000,0x00000000e4e80000)
 ParOldGen       total 53760K, used 16450K [0x0000000082000000, 0x0000000085480000, 0x00000000d6000000)
  object space 53760K, 30% used [0x0000000082000000,0x0000000083010b50,0x0000000085480000)
 Metaspace       used 34115K, capacity 35370K, committed 35456K, reserved 1079296K
  class space    used 4459K, capacity 4735K, committed 4736K, reserved 1048576K
}
Event: 6.129 GC heap before
{Heap before GC invocations=12 (full 2):
 PSYoungGen      total 169984K, used 157184K [0x00000000d6000000, 0x00000000e4e80000, 0x0000000100000000)
  eden space 157184K, 100% used [0x00000000d6000000,0x00000000df980000,0x00000000df980000)
  from space 12800K, 0% used [0x00000000df980000,0x00000000df980000,0x00000000e0600000)
  to   space 12288K, 0% used [0x00000000e4280000,0x00000000e4280000,0x00000000e4e80000)
 ParOldGen       total 53760K, used 16450K [0x0000000082000000, 0x0000000085480000, 0x00000000d6000000)
  object space 53760K, 30% used [0x0000000082000000,0x0000000083010b50,0x0000000085480000)
 Metaspace       used 38860K, capacity 40528K, committed 40704K, reserved 1085440K
  class space    used 5031K, capacity 5350K, committed 5376K, reserved 1048576K
Event: 6.140 GC heap after
Heap after GC invocations=12 (full 2):
 PSYoungGen      total 225792K, used 8072K [0x00000000d6000000, 0x00000000e4b80000, 0x0000000100000000)
  eden space 216576K, 0% used [0x00000000d6000000,0x00000000d6000000,0x00000000e3380000)
  from space 9216K, 87% used [0x00000000e4280000,0x00000000e4a623c0,0x00000000e4b80000)
  to   space 12288K, 0% used [0x00000000e3380000,0x00000000e3380000,0x00000000e3f80000)
 ParOldGen       total 53760K, used 16458K [0x0000000082000000, 0x0000000085480000, 0x00000000d6000000)
  object space 53760K, 30% used [0x0000000082000000,0x0000000083012b50,0x0000000085480000)
 Metaspace       used 38860K, capacity 40528K, committed 40704K, reserved 1085440K
  class space    used 5031K, capacity 5350K, committed 5376K, reserved 1048576K
}
Event: 8.373 GC heap before
{Heap before GC invocations=13 (full 2):
 PSYoungGen      total 225792K, used 224648K [0x00000000d6000000, 0x00000000e4b80000, 0x0000000100000000)
  eden space 216576K, 100% used [0x00000000d6000000,0x00000000e3380000,0x00000000e3380000)
  from space 9216K, 87% used [0x00000000e4280000,0x00000000e4a623c0,0x00000000e4b80000)
  to   space 12288K, 0% used [0x00000000e3380000,0x00000000e3380000,0x00000000e3f80000)
 ParOldGen       total 53760K, used 16458K [0x0000000082000000, 0x0000000085480000, 0x00000000d6000000)
  object space 53760K, 30% used [0x0000000082000000,0x0000000083012b50,0x0000000085480000)
 Metaspace       used 45245K, capacity 47174K, committed 47488K, reserved 1091584K
  class space    used 5822K, capacity 6209K, committed 6272K, reserved 1048576K
Event: 8.386 GC heap after
Heap after GC invocations=13 (full 2):
 PSYoungGen      total 228864K, used 10591K [0x00000000d6000000, 0x00000000e4b80000, 0x0000000100000000)
  eden space 216576K, 0% used [0x00000000d6000000,0x00000000d6000000,0x00000000e3380000)
  from space 12288K, 86% used [0x00000000e3380000,0x00000000e3dd7d08,0x00000000e3f80000)
  to   space 9216K, 0% used [0x00000000e4280000,0x00000000e4280000,0x00000000e4b80000)
 ParOldGen       total 53760K, used 20977K [0x0000000082000000, 0x0000000085480000, 0x00000000d6000000)
  object space 53760K, 39% used [0x0000000082000000,0x000000008347c688,0x0000000085480000)
 Metaspace       used 45245K, capacity 47174K, committed 47488K, reserved 1091584K
  class space    used 5822K, capacity 6209K, committed 6272K, reserved 1048576K
}

