# JRE version: Java(TM) SE Runtime Environment (8.0_231-b11) (build 1.8.0_231-b11)
# Java VM: Java HotSpot(TM) 64-Bit Server VM (25.231-b11 mixed mode windows-amd64 compressed oops)
Heap:
 PSYoungGen      total 208384K, used 79365K [0x00000000d6000000, 0x00000000e3700000, 0x0000000100000000)
  eden space 196608K, 34% used [0x00000000d6000000,0x00000000da202c78,0x00000000e2000000)
  from space 11776K, 99% used [0x00000000e2000000,0x00000000e2b7e8b8,0x00000000e2b80000)
  to   space 10752K, 0% used [0x00000000e2c80000,0x00000000e2c80000,0x00000000e3700000)
 ParOldGen       total 88576K, used 16697K [0x0000000082000000, 0x0000000087680000, 0x00000000d6000000)
  object space 88576K, 18% used [0x0000000082000000,0x000000008304e450,0x0000000087680000)
 Metaspace       used 48710K, capacity 50684K, committed 50816K, reserved 1093632K
  class space    used 6387K, capacity 6744K, committed 6784K, reserved 1048576K
GC Heap History (10 events):
Event: 4.821 GC heap before
{Heap before GC invocations=9 (full 1):
 PSYoungGen      total 137216K, used 135117K [0x00000000d6000000, 0x00000000e0380000, 0x0000000100000000)
  eden space 129024K, 100% used [0x00000000d6000000,0x00000000dde00000,0x00000000dde00000)
  from space 8192K, 74% used [0x00000000dde00000,0x00000000de3f3518,0x00000000de600000)
  to   space 7680K, 0% used [0x00000000dfc00000,0x00000000dfc00000,0x00000000e0380000)
 ParOldGen       total 55808K, used 5798K [0x0000000082000000, 0x0000000085680000, 0x00000000d6000000)
  object space 55808K, 10% used [0x0000000082000000,0x00000000825a9808,0x0000000085680000)
 Metaspace       used 33175K, capacity 34444K, committed 34688K, reserved 1079296K
  class space    used 4374K, capacity 4638K, committed 4736K, reserved 1048576K
Event: 4.838 GC heap after
Heap after GC invocations=9 (full 1):
 PSYoungGen      total 155136K, used 7665K [0x00000000d6000000, 0x00000000e3480000, 0x0000000100000000)
  eden space 147456K, 0% used [0x00000000d6000000,0x00000000d6000000,0x00000000df000000)
  from space 7680K, 99% used [0x00000000dfc00000,0x00000000e037c740,0x00000000e0380000)
  to   space 12288K, 0% used [0x00000000df000000,0x00000000df000000,0x00000000dfc00000)
 ParOldGen       total 55808K, used 15164K [0x0000000082000000, 0x0000000085680000, 0x00000000d6000000)
  object space 55808K, 27% used [0x0000000082000000,0x0000000082ecf328,0x0000000085680000)
 Metaspace       used 33175K, capacity 34444K, committed 34688K, reserved 1079296K
  class space    used 4374K, capacity 4638K, committed 4736K, reserved 1048576K
}
Event: 4.993 GC heap before
{Heap before GC invocations=10 (full 1):
 PSYoungGen      total 155136K, used 27534K [0x00000000d6000000, 0x00000000e3480000, 0x0000000100000000)
  eden space 147456K, 13% used [0x00000000d6000000,0x00000000d7367368,0x00000000df000000)
  from space 7680K, 99% used [0x00000000dfc00000,0x00000000e037c740,0x00000000e0380000)
  to   space 12288K, 0% used [0x00000000df000000,0x00000000df000000,0x00000000dfc00000)
 ParOldGen       total 55808K, used 15164K [0x0000000082000000, 0x0000000085680000, 0x00000000d6000000)
  object space 55808K, 27% used [0x0000000082000000,0x0000000082ecf328,0x0000000085680000)
 Metaspace       used 34119K, capacity 35378K, committed 35456K, reserved 1079296K
  class space    used 4460K, capacity 4735K, committed 4736K, reserved 1048576K
Event: 5.000 GC heap after
Heap after GC invocations=10 (full 1):
 PSYoungGen      total 159744K, used 8586K [0x00000000d6000000, 0x00000000e3880000, 0x0000000100000000)
  eden space 147456K, 0% used [0x00000000d6000000,0x00000000d6000000,0x00000000df000000)
  from space 12288K, 69% used [0x00000000df000000,0x00000000df862968,0x00000000dfc00000)
  to   space 12288K, 0% used [0x00000000e2c80000,0x00000000e2c80000,0x00000000e3880000)
 ParOldGen       total 55808K, used 15172K [0x0000000082000000, 0x0000000085680000, 0x00000000d6000000)
  object space 55808K, 27% used [0x0000000082000000,0x0000000082ed1328,0x0000000085680000)
 Metaspace       used 34119K, capacity 35378K, committed 35456K, reserved 1079296K
  class space    used 4460K, capacity 4735K, committed 4736K, reserved 1048576K
}
Event: 5.000 GC heap before
{Heap before GC invocations=11 (full 2):
 PSYoungGen      total 159744K, used 8586K [0x00000000d6000000, 0x00000000e3880000, 0x0000000100000000)
  eden space 147456K, 0% used [0x00000000d6000000,0x00000000d6000000,0x00000000df000000)
  from space 12288K, 69% used [0x00000000df000000,0x00000000df862968,0x00000000dfc00000)
  to   space 12288K, 0% used [0x00000000e2c80000,0x00000000e2c80000,0x00000000e3880000)
 ParOldGen       total 55808K, used 15172K [0x0000000082000000, 0x0000000085680000, 0x00000000d6000000)
  object space 55808K, 27% used [0x0000000082000000,0x0000000082ed1328,0x0000000085680000)
 Metaspace       used 34119K, capacity 35378K, committed 35456K, reserved 1079296K
  class space    used 4460K, capacity 4735K, committed 4736K, reserved 1048576K
Event: 5.046 GC heap after
Heap after GC invocations=11 (full 2):
 PSYoungGen      total 159744K, used 0K [0x00000000d6000000, 0x00000000e3880000, 0x0000000100000000)
  eden space 147456K, 0% used [0x00000000d6000000,0x00000000d6000000,0x00000000df000000)
  from space 12288K, 0% used [0x00000000df000000,0x00000000df000000,0x00000000dfc00000)
  to   space 12288K, 0% used [0x00000000e2c80000,0x00000000e2c80000,0x00000000e3880000)
 ParOldGen       total 88576K, used 16403K [0x0000000082000000, 0x0000000087680000, 0x00000000d6000000)
  object space 88576K, 18% used [0x0000000082000000,0x0000000083004f30,0x0000000087680000)
 Metaspace       used 34119K, capacity 35378K, committed 35456K, reserved 1079296K
  class space    used 4460K, capacity 4735K, committed 4736K, reserved 1048576K
}
Event: 6.316 GC heap before
{Heap before GC invocations=12 (full 2):
 PSYoungGen      total 159744K, used 147456K [0x00000000d6000000, 0x00000000e3880000, 0x0000000100000000)
  eden space 147456K, 100% used [0x00000000d6000000,0x00000000df000000,0x00000000df000000)
  from space 12288K, 0% used [0x00000000df000000,0x00000000df000000,0x00000000dfc00000)
  to   space 12288K, 0% used [0x00000000e2c80000,0x00000000e2c80000,0x00000000e3880000)
 ParOldGen       total 88576K, used 16403K [0x0000000082000000, 0x0000000087680000, 0x00000000d6000000)
  object space 88576K, 18% used [0x0000000082000000,0x0000000083004f30,0x0000000087680000)
 Metaspace       used 38761K, capacity 40448K, committed 40704K, reserved 1085440K
  class space    used 5019K, capacity 5346K, committed 5376K, reserved 1048576K
Event: 6.324 GC heap after
Heap after GC invocations=12 (full 2):
 PSYoungGen      total 207360K, used 7893K [0x00000000d6000000, 0x00000000e3700000, 0x0000000100000000)
  eden space 196608K, 0% used [0x00000000d6000000,0x00000000d6000000,0x00000000e2000000)
  from space 10752K, 73% used [0x00000000e2c80000,0x00000000e34356b0,0x00000000e3700000)
  to   space 11776K, 0% used [0x00000000e2000000,0x00000000e2000000,0x00000000e2b80000)
 ParOldGen       total 88576K, used 16411K [0x0000000082000000, 0x0000000087680000, 0x00000000d6000000)
  object space 88576K, 18% used [0x0000000082000000,0x0000000083006f30,0x0000000087680000)
 Metaspace       used 38761K, capacity 40448K, committed 40704K, reserved 1085440K
  class space    used 5019K, capacity 5346K, committed 5376K, reserved 1048576K
}
Event: 8.263 GC heap before
{Heap before GC invocations=13 (full 2):
 PSYoungGen      total 207360K, used 204501K [0x00000000d6000000, 0x00000000e3700000, 0x0000000100000000)
  eden space 196608K, 100% used [0x00000000d6000000,0x00000000e2000000,0x00000000e2000000)
  from space 10752K, 73% used [0x00000000e2c80000,0x00000000e34356b0,0x00000000e3700000)
  to   space 11776K, 0% used [0x00000000e2000000,0x00000000e2000000,0x00000000e2b80000)
 ParOldGen       total 88576K, used 16411K [0x0000000082000000, 0x0000000087680000, 0x00000000d6000000)
  object space 88576K, 18% used [0x0000000082000000,0x0000000083006f30,0x0000000087680000)
 Metaspace       used 42177K, capacity 44072K, committed 44288K, reserved 1087488K
  class space    used 5479K, capacity 5856K, committed 5888K, reserved 1048576K
Event: 8.275 GC heap after
Heap after GC invocations=13 (full 2):
 PSYoungGen      total 208384K, used 11770K [0x00000000d6000000, 0x00000000e3700000, 0x0000000100000000)
  eden space 196608K, 0% used [0x00000000d6000000,0x00000000d6000000,0x00000000e2000000)
  from space 11776K, 99% used [0x00000000e2000000,0x00000000e2b7e8b8,0x00000000e2b80000)
  to   space 10752K, 0% used [0x00000000e2c80000,0x00000000e2c80000,0x00000000e3700000)
 ParOldGen       total 88576K, used 16697K [0x0000000082000000, 0x0000000087680000, 0x00000000d6000000)
  object space 88576K, 18% used [0x0000000082000000,0x000000008304e450,0x0000000087680000)
 Metaspace       used 42177K, capacity 44072K, committed 44288K, reserved 1087488K
  class space    used 5479K, capacity 5856K, committed 5888K, reserved 1048576K
}

