# JRE version: Java(TM) SE Runtime Environment (8.0_231-b11) (build 1.8.0_231-b11)
# Java VM: Java HotSpot(TM) 64-Bit Server VM (25.231-b11 mixed mode windows-amd64 compressed oops)
Heap:
 PSYoungGen      total 137216K, used 60144K [0x00000000d6000000, 0x00000000e0d80000, 0x0000000100000000)
  eden space 129024K, 46% used [0x00000000d6000000,0x00000000d9abc2d0,0x00000000dde00000)
  from space 8192K, 0% used [0x00000000dde00000,0x00000000dde00000,0x00000000de600000)
  to   space 7680K, 0% used [0x00000000e0600000,0x00000000e0600000,0x00000000e0d80000)
 ParOldGen       total 53760K, used 16426K [0x0000000082000000, 0x0000000085480000, 0x00000000d6000000)
  object space 53760K, 30% used [0x0000000082000000,0x000000008300aae0,0x0000000085480000)
 Metaspace       used 36063K, capacity 37732K, committed 37888K, reserved 1081344K
  class space    used 4732K, capacity 5046K, committed 5120K, reserved 1048576K
GC Heap History (10 events):
Event: 3.154 GC heap before
{Heap before GC invocations=7 (full 1):
 PSYoungGen      total 70656K, used 65536K [0x00000000d6000000, 0x00000000df000000, 0x0000000100000000)
  eden space 65536K, 100% used [0x00000000d6000000,0x00000000da000000,0x00000000da000000)
  from space 5120K, 0% used [0x00000000da000000,0x00000000da000000,0x00000000da500000)
  to   space 8192K, 0% used [0x00000000de800000,0x00000000de800000,0x00000000df000000)
 ParOldGen       total 53760K, used 5782K [0x0000000082000000, 0x0000000085480000, 0x00000000d6000000)
  object space 53760K, 10% used [0x0000000082000000,0x00000000825a59f0,0x0000000085480000)
 Metaspace       used 26883K, capacity 27814K, committed 28160K, reserved 1073152K
  class space    used 3533K, capacity 3753K, committed 3840K, reserved 1048576K
Event: 3.160 GC heap after
Heap after GC invocations=7 (full 1):
 PSYoungGen      total 109568K, used 5998K [0x00000000d6000000, 0x00000000dee00000, 0x0000000100000000)
  eden space 103424K, 0% used [0x00000000d6000000,0x00000000d6000000,0x00000000dc500000)
  from space 6144K, 97% used [0x00000000de800000,0x00000000deddba40,0x00000000dee00000)
  to   space 8192K, 0% used [0x00000000dde00000,0x00000000dde00000,0x00000000de600000)
 ParOldGen       total 53760K, used 5790K [0x0000000082000000, 0x0000000085480000, 0x00000000d6000000)
  object space 53760K, 10% used [0x0000000082000000,0x00000000825a79f0,0x0000000085480000)
 Metaspace       used 26883K, capacity 27814K, committed 28160K, reserved 1073152K
  class space    used 3533K, capacity 3753K, committed 3840K, reserved 1048576K
}
Event: 3.453 GC heap before
{Heap before GC invocations=8 (full 1):
 PSYoungGen      total 109568K, used 109422K [0x00000000d6000000, 0x00000000dee00000, 0x0000000100000000)
  eden space 103424K, 100% used [0x00000000d6000000,0x00000000dc500000,0x00000000dc500000)
  from space 6144K, 97% used [0x00000000de800000,0x00000000deddba40,0x00000000dee00000)
  to   space 8192K, 0% used [0x00000000dde00000,0x00000000dde00000,0x00000000de600000)
 ParOldGen       total 53760K, used 5790K [0x0000000082000000, 0x0000000085480000, 0x00000000d6000000)
  object space 53760K, 10% used [0x0000000082000000,0x00000000825a79f0,0x0000000085480000)
 Metaspace       used 28339K, capacity 29320K, committed 29568K, reserved 1075200K
  class space    used 3687K, capacity 3900K, committed 3968K, reserved 1048576K
Event: 3.459 GC heap after
Heap after GC invocations=8 (full 1):
 PSYoungGen      total 137216K, used 6359K [0x00000000d6000000, 0x00000000e0d80000, 0x0000000100000000)
  eden space 129024K, 0% used [0x00000000d6000000,0x00000000d6000000,0x00000000dde00000)
  from space 8192K, 77% used [0x00000000dde00000,0x00000000de435c28,0x00000000de600000)
  to   space 7680K, 0% used [0x00000000e0600000,0x00000000e0600000,0x00000000e0d80000)
 ParOldGen       total 53760K, used 5798K [0x0000000082000000, 0x0000000085480000, 0x00000000d6000000)
  object space 53760K, 10% used [0x0000000082000000,0x00000000825a99f0,0x0000000085480000)
 Metaspace       used 28339K, capacity 29320K, committed 29568K, reserved 1075200K
  class space    used 3687K, capacity 3900K, committed 3968K, reserved 1048576K
}
Event: 4.805 GC heap before
{Heap before GC invocations=9 (full 1):
 PSYoungGen      total 137216K, used 135383K [0x00000000d6000000, 0x00000000e0d80000, 0x0000000100000000)
  eden space 129024K, 100% used [0x00000000d6000000,0x00000000dde00000,0x00000000dde00000)
  from space 8192K, 77% used [0x00000000dde00000,0x00000000de435c28,0x00000000de600000)
  to   space 7680K, 0% used [0x00000000e0600000,0x00000000e0600000,0x00000000e0d80000)
 ParOldGen       total 53760K, used 5798K [0x0000000082000000, 0x0000000085480000, 0x00000000d6000000)
  object space 53760K, 10% used [0x0000000082000000,0x00000000825a99f0,0x0000000085480000)
 Metaspace       used 33302K, capacity 34568K, committed 34944K, reserved 1079296K
  class space    used 4385K, capacity 4638K, committed 4736K, reserved 1048576K
Event: 4.832 GC heap after
Heap after GC invocations=9 (full 1):
 PSYoungGen      total 136704K, used 7665K [0x00000000d6000000, 0x00000000e0d80000, 0x0000000100000000)
  eden space 129024K, 0% used [0x00000000d6000000,0x00000000d6000000,0x00000000dde00000)
  from space 7680K, 99% used [0x00000000e0600000,0x00000000e0d7c740,0x00000000e0d80000)
  to   space 8192K, 0% used [0x00000000dde00000,0x00000000dde00000,0x00000000de600000)
 ParOldGen       total 53760K, used 15141K [0x0000000082000000, 0x0000000085480000, 0x00000000d6000000)
  object space 53760K, 28% used [0x0000000082000000,0x0000000082ec9518,0x0000000085480000)
 Metaspace       used 33302K, capacity 34568K, committed 34944K, reserved 1079296K
  class space    used 4385K, capacity 4638K, committed 4736K, reserved 1048576K
}
Event: 5.120 GC heap before
{Heap before GC invocations=10 (full 1):
 PSYoungGen      total 136704K, used 23091K [0x00000000d6000000, 0x00000000e0d80000, 0x0000000100000000)
  eden space 129024K, 11% used [0x00000000d6000000,0x00000000d6f10748,0x00000000dde00000)
  from space 7680K, 99% used [0x00000000e0600000,0x00000000e0d7c740,0x00000000e0d80000)
  to   space 8192K, 0% used [0x00000000dde00000,0x00000000dde00000,0x00000000de600000)
 ParOldGen       total 53760K, used 15141K [0x0000000082000000, 0x0000000085480000, 0x00000000d6000000)
  object space 53760K, 28% used [0x0000000082000000,0x0000000082ec9518,0x0000000085480000)
 Metaspace       used 34127K, capacity 35374K, committed 35456K, reserved 1079296K
  class space    used 4462K, capacity 4735K, committed 4736K, reserved 1048576K
Event: 5.130 GC heap after
Heap after GC invocations=10 (full 1):
 PSYoungGen      total 137216K, used 6314K [0x00000000d6000000, 0x00000000e0d80000, 0x0000000100000000)
  eden space 129024K, 0% used [0x00000000d6000000,0x00000000d6000000,0x00000000dde00000)
  from space 8192K, 77% used [0x00000000dde00000,0x00000000de42a878,0x00000000de600000)
  to   space 7680K, 0% used [0x00000000e0600000,0x00000000e0600000,0x00000000e0d80000)
 ParOldGen       total 53760K, used 17314K [0x0000000082000000, 0x0000000085480000, 0x00000000d6000000)
  object space 53760K, 32% used [0x0000000082000000,0x00000000830e8830,0x0000000085480000)
 Metaspace       used 34127K, capacity 35374K, committed 35456K, reserved 1079296K
  class space    used 4462K, capacity 4735K, committed 4736K, reserved 1048576K
}
Event: 5.130 GC heap before
{Heap before GC invocations=11 (full 2):
 PSYoungGen      total 137216K, used 6314K [0x00000000d6000000, 0x00000000e0d80000, 0x0000000100000000)
  eden space 129024K, 0% used [0x00000000d6000000,0x00000000d6000000,0x00000000dde00000)
  from space 8192K, 77% used [0x00000000dde00000,0x00000000de42a878,0x00000000de600000)
  to   space 7680K, 0% used [0x00000000e0600000,0x00000000e0600000,0x00000000e0d80000)
 ParOldGen       total 53760K, used 17314K [0x0000000082000000, 0x0000000085480000, 0x00000000d6000000)
  object space 53760K, 32% used [0x0000000082000000,0x00000000830e8830,0x0000000085480000)
 Metaspace       used 34127K, capacity 35374K, committed 35456K, reserved 1079296K
  class space    used 4462K, capacity 4735K, committed 4736K, reserved 1048576K
Event: 5.190 GC heap after
Heap after GC invocations=11 (full 2):
 PSYoungGen      total 137216K, used 0K [0x00000000d6000000, 0x00000000e0d80000, 0x0000000100000000)
  eden space 129024K, 0% used [0x00000000d6000000,0x00000000d6000000,0x00000000dde00000)
  from space 8192K, 0% used [0x00000000dde00000,0x00000000dde00000,0x00000000de600000)
  to   space 7680K, 0% used [0x00000000e0600000,0x00000000e0600000,0x00000000e0d80000)
 ParOldGen       total 53760K, used 16426K [0x0000000082000000, 0x0000000085480000, 0x00000000d6000000)
  object space 53760K, 30% used [0x0000000082000000,0x000000008300aae0,0x0000000085480000)
 Metaspace       used 34127K, capacity 35374K, committed 35456K, reserved 1079296K
  class space    used 4462K, capacity 4735K, committed 4736K, reserved 1048576K
}

